Performing C++ SOURCE FILE Test CMAKE_HAVE_LIBC_PTHREAD failed with the following output:
Change Dir: /playpen/leochanj/fgpure/Modified-NVIDIA-Linux-x86_64-460.67/build/CMakeFiles/CMakeTmp

Run Build Command(s):/usr/bin/make -f Makefile cmTC_6d8ee/fast && /usr/bin/make  -f CMakeFiles/cmTC_6d8ee.dir/build.make CMakeFiles/cmTC_6d8ee.dir/build
make[1]: Entering directory '/playpen/leochanj/fgpure/Modified-NVIDIA-Linux-x86_64-460.67/build/CMakeFiles/CMakeTmp'
Building CXX object CMakeFiles/cmTC_6d8ee.dir/src.cxx.o
/usr/bin/c++ -DCMAKE_HAVE_LIBC_PTHREAD   -o CMakeFiles/cmTC_6d8ee.dir/src.cxx.o -c /playpen/leochanj/fgpure/Modified-NVIDIA-Linux-x86_64-460.67/build/CMakeFiles/CMakeTmp/src.cxx
Linking CXX executable cmTC_6d8ee
/usr/bin/cmake -E cmake_link_script CMakeFiles/cmTC_6d8ee.dir/link.txt --verbose=1
/usr/bin/c++ CMakeFiles/cmTC_6d8ee.dir/src.cxx.o -o cmTC_6d8ee 
/usr/bin/ld: CMakeFiles/cmTC_6d8ee.dir/src.cxx.o: in function `main':
src.cxx:(.text+0x46): undefined reference to `pthread_create'
/usr/bin/ld: src.cxx:(.text+0x52): undefined reference to `pthread_detach'
/usr/bin/ld: src.cxx:(.text+0x5e): undefined reference to `pthread_cancel'
/usr/bin/ld: src.cxx:(.text+0x6f): undefined reference to `pthread_join'
collect2: error: ld returned 1 exit status
make[1]: *** [CMakeFiles/cmTC_6d8ee.dir/build.make:99: cmTC_6d8ee] Error 1
make[1]: Leaving directory '/playpen/leochanj/fgpure/Modified-NVIDIA-Linux-x86_64-460.67/build/CMakeFiles/CMakeTmp'
make: *** [Makefile:127: cmTC_6d8ee/fast] Error 2


Source file was:
#include <pthread.h>

static void* test_func(void* data)
{
  return data;
}

int main(void)
{
  pthread_t thread;
  pthread_create(&thread, NULL, test_func, NULL);
  pthread_detach(thread);
  pthread_cancel(thread);
  pthread_join(thread, NULL);
  pthread_atfork(NULL, NULL, NULL);
  pthread_exit(NULL);

  return 0;
}

Determining if the function pthread_create exists in the pthreads failed with the following output:
Change Dir: /playpen/leochanj/fgpure/Modified-NVIDIA-Linux-x86_64-460.67/build/CMakeFiles/CMakeTmp

Run Build Command(s):/usr/bin/make -f Makefile cmTC_01997/fast && /usr/bin/make  -f CMakeFiles/cmTC_01997.dir/build.make CMakeFiles/cmTC_01997.dir/build
make[1]: Entering directory '/playpen/leochanj/fgpure/Modified-NVIDIA-Linux-x86_64-460.67/build/CMakeFiles/CMakeTmp'
Building CXX object CMakeFiles/cmTC_01997.dir/CheckFunctionExists.cxx.o
/usr/bin/c++   -DCHECK_FUNCTION_EXISTS=pthread_create -o CMakeFiles/cmTC_01997.dir/CheckFunctionExists.cxx.o -c /playpen/leochanj/fgpure/Modified-NVIDIA-Linux-x86_64-460.67/build/CMakeFiles/CheckLibraryExists/CheckFunctionExists.cxx
Linking CXX executable cmTC_01997
/usr/bin/cmake -E cmake_link_script CMakeFiles/cmTC_01997.dir/link.txt --verbose=1
/usr/bin/c++  -DCHECK_FUNCTION_EXISTS=pthread_create CMakeFiles/cmTC_01997.dir/CheckFunctionExists.cxx.o -o cmTC_01997  -lpthreads 
/usr/bin/ld: cannot find -lpthreads
collect2: error: ld returned 1 exit status
make[1]: *** [CMakeFiles/cmTC_01997.dir/build.make:99: cmTC_01997] Error 1
make[1]: Leaving directory '/playpen/leochanj/fgpure/Modified-NVIDIA-Linux-x86_64-460.67/build/CMakeFiles/CMakeTmp'
make: *** [Makefile:127: cmTC_01997/fast] Error 2



